<?xml version="1.0" encoding="UTF-8"?>
<!-- Generated by org.testng.reporters.JUnitReportReporter -->
<testsuite hostname="DESKTOP-FR930K3" failures="0" tests="2" name="sanitytest.TestCase2" time="0.023" errors="0" timestamp="2024-11-20T09:12:51 ICT" skipped="0">
  <testcase classname="sanitytest.TestCase2" name="test5" time="0.020"/>
  <testcase classname="sanitytest.TestCase2" name="test6" time="0.003"/>
</testsuite> <!-- sanitytest.TestCase2 -->
