<?xml version="1.0" encoding="UTF-8"?>
<!-- Generated by org.testng.reporters.JUnitReportReporter -->
<testsuite hostname="DESKTOP-FR930K3" failures="0" tests="3" name="batchtesting.SignupTest" time="0.010" errors="0" timestamp="2024-11-20T10:25:05 ICT" skipped="0">
  <testcase classname="batchtesting.SignupTest" name="signupByEmail" time="0.003"/>
  <testcase classname="batchtesting.SignupTest" name="signupByTweeter" time="0.002"/>
  <testcase classname="batchtesting.SignupTest" name="signupByFacebook" time="0.005"/>
</testsuite> <!-- batchtesting.SignupTest -->
