<?xml version="1.0" encoding="UTF-8"?>
<!-- Generated by org.testng.reporters.JUnitReportReporter -->
<testsuite hostname="DESKTOP-FR930K3" failures="0" tests="2" name="sanitytest.TestCase3" time="0.004" errors="0" timestamp="2024-11-20T09:12:51 ICT" skipped="0">
  <testcase classname="sanitytest.TestCase3" name="test4" time="0.002"/>
  <testcase classname="sanitytest.TestCase3" name="test3" time="0.002"/>
</testsuite> <!-- sanitytest.TestCase3 -->
