<?xml version="1.0" encoding="UTF-8"?>
<!-- Generated by org.testng.reporters.JUnitReportReporter -->
<testsuite hostname="DESKTOP-FR930K3" failures="0" tests="2" name="grid.Node2" time="16.020" errors="0" timestamp="2024-11-21T10:55:48 ICT" skipped="0">
  <testcase classname="grid.Node2" name="setup" time="1.894"/>
  <testcase classname="grid.Node2" name="login" time="14.126"/>
</testsuite> <!-- grid.Node2 -->
