<?xml version="1.0" encoding="UTF-8"?>
<!-- Generated by org.testng.reporters.JUnitReportReporter -->
<testsuite hostname="DESKTOP-FR930K3" failures="0" tests="2" name="batchtesting.PaymentTest" time="0.004" errors="0" timestamp="2024-11-20T10:25:05 ICT" skipped="0">
  <testcase classname="batchtesting.PaymentTest" name="paymentInDollor" time="0.002"/>
  <testcase classname="batchtesting.PaymentTest" name="paymentInruppess" time="0.002"/>
</testsuite> <!-- batchtesting.PaymentTest -->
