<?xml version="1.0" encoding="UTF-8"?>
<!-- Generated by org.testng.reporters.JUnitReportReporter -->
<testsuite hostname="DESKTOP-FR930K3" failures="0" tests="3" name="batchtesting.LoginTest" time="0.018" errors="0" timestamp="2024-11-21T14:09:06 ICT" skipped="0">
  <testcase classname="batchtesting.LoginTest" name="loginByEmail" time="0.012"/>
  <testcase classname="batchtesting.LoginTest" name="loginByFacebook" time="0.004"/>
  <testcase classname="batchtesting.LoginTest" name="loginByTweeter" time="0.002"/>
</testsuite> <!-- batchtesting.LoginTest -->
