<?xml version="1.0" encoding="UTF-8"?>
<!-- Generated by org.testng.reporters.JUnitReportReporter -->
<testsuite hostname="DESKTOP-FR930K3" failures="0" tests="1" name="batchtesting.PaymentReturnTest" time="0.000" errors="0" timestamp="2024-11-20T10:25:05 ICT" skipped="0">
  <testcase classname="batchtesting.PaymentReturnTest" name="paymentReturnByBank" time="0.000"/>
</testsuite> <!-- batchtesting.PaymentReturnTest -->
