<?xml version="1.0" encoding="UTF-8"?>
<!-- Generated by org.testng.reporters.JUnitReportReporter -->
<testsuite hostname="DESKTOP-FR930K3" failures="0" tests="2" name="sanitytest.BatchTestDemo" time="0.005" errors="0" timestamp="2024-11-20T09:12:51 ICT" skipped="0">
  <testcase classname="sanitytest.BatchTestDemo" name="test2" time="0.003"/>
  <testcase classname="sanitytest.BatchTestDemo" name="test1" time="0.002"/>
</testsuite> <!-- sanitytest.BatchTestDemo -->
